[0.452s] DEBUG:colcon:Command line arguments: ['/usr/bin/colcon', 'list', '-p', '--base-paths', '/home/steveen/Robocon2025_R1/2025R1_ws']
[0.452s] DEBUG:colcon:Parsed command line arguments: Namespace(log_base=None, log_level=None, verb_name='list', build_base='build', ignore_user_meta=False, metas=['./colcon.meta'], base_paths=['/home/steveen/Robocon2025_R1/2025R1_ws'], packages_ignore=None, packages_ignore_regex=None, paths=None, packages_up_to=None, packages_up_to_regex=None, packages_above=None, packages_above_and_dependencies=None, packages_above_depth=None, packages_select_by_dep=None, packages_skip_by_dep=None, packages_skip_up_to=None, packages_select_build_failed=False, packages_skip_build_finished=False, packages_select_test_failures=False, packages_skip_test_passed=False, packages_select=None, packages_skip=None, packages_select_regex=None, packages_skip_regex=None, packages_start=None, packages_end=None, allow_overriding=[], topological_order=False, names_only=False, paths_only=True, topological_graph=False, topological_graph_dot=False, topological_graph_density=False, topological_graph_legend=False, topological_graph_dot_cluster=False, topological_graph_dot_include_skipped=False, verb_parser=<colcon_defaults.argument_parser.defaults.DefaultArgumentsDecorator object at 0x78690c949d80>, verb_extension=<colcon_package_information.verb.list.ListVerb object at 0x78690ca6a5f0>, main=<bound method ListVerb.main of <colcon_package_information.verb.list.ListVerb object at 0x78690ca6a5f0>>)
[1.329s] Level 1:colcon.colcon_core.package_discovery:discover_packages(colcon_meta) check parameters
[1.329s] Level 1:colcon.colcon_core.package_discovery:discover_packages(recursive) check parameters
[1.329s] Level 1:colcon.colcon_core.package_discovery:discover_packages(ignore) check parameters
[1.329s] Level 1:colcon.colcon_core.package_discovery:discover_packages(path) check parameters
[1.330s] Level 1:colcon.colcon_core.package_discovery:discover_packages(recursive) discover
[1.330s] INFO:colcon.colcon_core.package_discovery:Crawling recursively for packages in '/home/steveen/Robocon2025_R1/2025R1_ws'
[1.331s] Level 1:colcon.colcon_core.package_identification:_identify(/home/steveen/Robocon2025_R1/2025R1_ws) by extensions ['ignore', 'ignore_ament_install']
[1.331s] Level 1:colcon.colcon_core.package_identification:_identify(/home/steveen/Robocon2025_R1/2025R1_ws) by extension 'ignore'
[1.331s] Level 1:colcon.colcon_core.package_identification:_identify(/home/steveen/Robocon2025_R1/2025R1_ws) by extension 'ignore_ament_install'
[1.332s] Level 1:colcon.colcon_core.package_identification:_identify(/home/steveen/Robocon2025_R1/2025R1_ws) by extensions ['colcon_pkg']
[1.332s] Level 1:colcon.colcon_core.package_identification:_identify(/home/steveen/Robocon2025_R1/2025R1_ws) by extension 'colcon_pkg'
[1.332s] Level 1:colcon.colcon_core.package_identification:_identify(/home/steveen/Robocon2025_R1/2025R1_ws) by extensions ['colcon_meta']
[1.333s] Level 1:colcon.colcon_core.package_identification:_identify(/home/steveen/Robocon2025_R1/2025R1_ws) by extension 'colcon_meta'
[1.333s] Level 1:colcon.colcon_core.package_identification:_identify(/home/steveen/Robocon2025_R1/2025R1_ws) by extensions ['ros']
[1.333s] Level 1:colcon.colcon_core.package_identification:_identify(/home/steveen/Robocon2025_R1/2025R1_ws) by extension 'ros'
[1.385s] Level 1:colcon.colcon_core.package_identification:_identify(/home/steveen/Robocon2025_R1/2025R1_ws) by extensions ['cmake', 'python']
[1.385s] Level 1:colcon.colcon_core.package_identification:_identify(/home/steveen/Robocon2025_R1/2025R1_ws) by extension 'cmake'
[1.386s] Level 1:colcon.colcon_core.package_identification:_identify(/home/steveen/Robocon2025_R1/2025R1_ws) by extension 'python'
[1.386s] Level 1:colcon.colcon_core.package_identification:_identify(/home/steveen/Robocon2025_R1/2025R1_ws) by extensions ['python_setup_py']
[1.386s] Level 1:colcon.colcon_core.package_identification:_identify(/home/steveen/Robocon2025_R1/2025R1_ws) by extension 'python_setup_py'
[1.387s] Level 1:colcon.colcon_core.package_identification:_identify(/home/steveen/Robocon2025_R1/2025R1_ws/build) by extensions ['ignore', 'ignore_ament_install']
[1.388s] Level 1:colcon.colcon_core.package_identification:_identify(/home/steveen/Robocon2025_R1/2025R1_ws/build) by extension 'ignore'
[1.388s] Level 1:colcon.colcon_core.package_identification:_identify(/home/steveen/Robocon2025_R1/2025R1_ws/build) ignored
[1.389s] Level 1:colcon.colcon_core.package_identification:_identify(/home/steveen/Robocon2025_R1/2025R1_ws/install) by extensions ['ignore', 'ignore_ament_install']
[1.389s] Level 1:colcon.colcon_core.package_identification:_identify(/home/steveen/Robocon2025_R1/2025R1_ws/install) by extension 'ignore'
[1.389s] Level 1:colcon.colcon_core.package_identification:_identify(/home/steveen/Robocon2025_R1/2025R1_ws/install) ignored
[1.391s] Level 1:colcon.colcon_core.package_identification:_identify(/home/steveen/Robocon2025_R1/2025R1_ws/log) by extensions ['ignore', 'ignore_ament_install']
[1.392s] Level 1:colcon.colcon_core.package_identification:_identify(/home/steveen/Robocon2025_R1/2025R1_ws/log) by extension 'ignore'
[1.392s] Level 1:colcon.colcon_core.package_identification:_identify(/home/steveen/Robocon2025_R1/2025R1_ws/log) ignored
[1.393s] Level 1:colcon.colcon_core.package_identification:_identify(/home/steveen/Robocon2025_R1/2025R1_ws/src) by extensions ['ignore', 'ignore_ament_install']
[1.393s] Level 1:colcon.colcon_core.package_identification:_identify(/home/steveen/Robocon2025_R1/2025R1_ws/src) by extension 'ignore'
[1.393s] Level 1:colcon.colcon_core.package_identification:_identify(/home/steveen/Robocon2025_R1/2025R1_ws/src) by extension 'ignore_ament_install'
[1.394s] Level 1:colcon.colcon_core.package_identification:_identify(/home/steveen/Robocon2025_R1/2025R1_ws/src) by extensions ['colcon_pkg']
[1.394s] Level 1:colcon.colcon_core.package_identification:_identify(/home/steveen/Robocon2025_R1/2025R1_ws/src) by extension 'colcon_pkg'
[1.394s] Level 1:colcon.colcon_core.package_identification:_identify(/home/steveen/Robocon2025_R1/2025R1_ws/src) by extensions ['colcon_meta']
[1.394s] Level 1:colcon.colcon_core.package_identification:_identify(/home/steveen/Robocon2025_R1/2025R1_ws/src) by extension 'colcon_meta'
[1.395s] Level 1:colcon.colcon_core.package_identification:_identify(/home/steveen/Robocon2025_R1/2025R1_ws/src) by extensions ['ros']
[1.395s] Level 1:colcon.colcon_core.package_identification:_identify(/home/steveen/Robocon2025_R1/2025R1_ws/src) by extension 'ros'
[1.395s] Level 1:colcon.colcon_core.package_identification:_identify(/home/steveen/Robocon2025_R1/2025R1_ws/src) by extensions ['cmake', 'python']
[1.395s] Level 1:colcon.colcon_core.package_identification:_identify(/home/steveen/Robocon2025_R1/2025R1_ws/src) by extension 'cmake'
[1.396s] Level 1:colcon.colcon_core.package_identification:_identify(/home/steveen/Robocon2025_R1/2025R1_ws/src) by extension 'python'
[1.396s] Level 1:colcon.colcon_core.package_identification:_identify(/home/steveen/Robocon2025_R1/2025R1_ws/src) by extensions ['python_setup_py']
[1.396s] Level 1:colcon.colcon_core.package_identification:_identify(/home/steveen/Robocon2025_R1/2025R1_ws/src) by extension 'python_setup_py'
[1.398s] Level 1:colcon.colcon_core.package_identification:_identify(/home/steveen/Robocon2025_R1/2025R1_ws/src/active_caster) by extensions ['ignore', 'ignore_ament_install']
[1.398s] Level 1:colcon.colcon_core.package_identification:_identify(/home/steveen/Robocon2025_R1/2025R1_ws/src/active_caster) by extension 'ignore'
[1.399s] Level 1:colcon.colcon_core.package_identification:_identify(/home/steveen/Robocon2025_R1/2025R1_ws/src/active_caster) by extension 'ignore_ament_install'
[1.399s] Level 1:colcon.colcon_core.package_identification:_identify(/home/steveen/Robocon2025_R1/2025R1_ws/src/active_caster) by extensions ['colcon_pkg']
[1.399s] Level 1:colcon.colcon_core.package_identification:_identify(/home/steveen/Robocon2025_R1/2025R1_ws/src/active_caster) by extension 'colcon_pkg'
[1.399s] Level 1:colcon.colcon_core.package_identification:_identify(/home/steveen/Robocon2025_R1/2025R1_ws/src/active_caster) by extensions ['colcon_meta']
[1.399s] Level 1:colcon.colcon_core.package_identification:_identify(/home/steveen/Robocon2025_R1/2025R1_ws/src/active_caster) by extension 'colcon_meta'
[1.400s] Level 1:colcon.colcon_core.package_identification:_identify(/home/steveen/Robocon2025_R1/2025R1_ws/src/active_caster) by extensions ['ros']
[1.400s] Level 1:colcon.colcon_core.package_identification:_identify(/home/steveen/Robocon2025_R1/2025R1_ws/src/active_caster) by extension 'ros'
[1.411s] DEBUG:colcon.colcon_core.package_identification:Package '/home/steveen/Robocon2025_R1/2025R1_ws/src/active_caster' with type 'ros.ament_python' and name 'active_caster'
[1.412s] Level 1:colcon.colcon_core.package_identification:_identify(/home/steveen/Robocon2025_R1/2025R1_ws/src/damiao) by extensions ['ignore', 'ignore_ament_install']
[1.412s] Level 1:colcon.colcon_core.package_identification:_identify(/home/steveen/Robocon2025_R1/2025R1_ws/src/damiao) by extension 'ignore'
[1.412s] Level 1:colcon.colcon_core.package_identification:_identify(/home/steveen/Robocon2025_R1/2025R1_ws/src/damiao) by extension 'ignore_ament_install'
[1.412s] Level 1:colcon.colcon_core.package_identification:_identify(/home/steveen/Robocon2025_R1/2025R1_ws/src/damiao) by extensions ['colcon_pkg']
[1.413s] Level 1:colcon.colcon_core.package_identification:_identify(/home/steveen/Robocon2025_R1/2025R1_ws/src/damiao) by extension 'colcon_pkg'
[1.413s] Level 1:colcon.colcon_core.package_identification:_identify(/home/steveen/Robocon2025_R1/2025R1_ws/src/damiao) by extensions ['colcon_meta']
[1.413s] Level 1:colcon.colcon_core.package_identification:_identify(/home/steveen/Robocon2025_R1/2025R1_ws/src/damiao) by extension 'colcon_meta'
[1.413s] Level 1:colcon.colcon_core.package_identification:_identify(/home/steveen/Robocon2025_R1/2025R1_ws/src/damiao) by extensions ['ros']
[1.414s] Level 1:colcon.colcon_core.package_identification:_identify(/home/steveen/Robocon2025_R1/2025R1_ws/src/damiao) by extension 'ros'
[1.417s] DEBUG:colcon.colcon_core.package_identification:Package '/home/steveen/Robocon2025_R1/2025R1_ws/src/damiao' with type 'ros.ament_python' and name 'damiao'
[1.418s] Level 1:colcon.colcon_core.package_identification:_identify(/home/steveen/Robocon2025_R1/2025R1_ws/src/data_monitor) by extensions ['ignore', 'ignore_ament_install']
[1.418s] Level 1:colcon.colcon_core.package_identification:_identify(/home/steveen/Robocon2025_R1/2025R1_ws/src/data_monitor) by extension 'ignore'
[1.419s] Level 1:colcon.colcon_core.package_identification:_identify(/home/steveen/Robocon2025_R1/2025R1_ws/src/data_monitor) by extension 'ignore_ament_install'
[1.419s] Level 1:colcon.colcon_core.package_identification:_identify(/home/steveen/Robocon2025_R1/2025R1_ws/src/data_monitor) by extensions ['colcon_pkg']
[1.420s] Level 1:colcon.colcon_core.package_identification:_identify(/home/steveen/Robocon2025_R1/2025R1_ws/src/data_monitor) by extension 'colcon_pkg'
[1.420s] Level 1:colcon.colcon_core.package_identification:_identify(/home/steveen/Robocon2025_R1/2025R1_ws/src/data_monitor) by extensions ['colcon_meta']
[1.420s] Level 1:colcon.colcon_core.package_identification:_identify(/home/steveen/Robocon2025_R1/2025R1_ws/src/data_monitor) by extension 'colcon_meta'
[1.421s] Level 1:colcon.colcon_core.package_identification:_identify(/home/steveen/Robocon2025_R1/2025R1_ws/src/data_monitor) by extensions ['ros']
[1.421s] Level 1:colcon.colcon_core.package_identification:_identify(/home/steveen/Robocon2025_R1/2025R1_ws/src/data_monitor) by extension 'ros'
[1.423s] DEBUG:colcon.colcon_core.package_identification:Package '/home/steveen/Robocon2025_R1/2025R1_ws/src/data_monitor' with type 'ros.ament_python' and name 'data_monitor'
[1.424s] Level 1:colcon.colcon_core.package_identification:_identify(/home/steveen/Robocon2025_R1/2025R1_ws/src/navigation) by extensions ['ignore', 'ignore_ament_install']
[1.424s] Level 1:colcon.colcon_core.package_identification:_identify(/home/steveen/Robocon2025_R1/2025R1_ws/src/navigation) by extension 'ignore'
[1.425s] Level 1:colcon.colcon_core.package_identification:_identify(/home/steveen/Robocon2025_R1/2025R1_ws/src/navigation) by extension 'ignore_ament_install'
[1.425s] Level 1:colcon.colcon_core.package_identification:_identify(/home/steveen/Robocon2025_R1/2025R1_ws/src/navigation) by extensions ['colcon_pkg']
[1.425s] Level 1:colcon.colcon_core.package_identification:_identify(/home/steveen/Robocon2025_R1/2025R1_ws/src/navigation) by extension 'colcon_pkg'
[1.425s] Level 1:colcon.colcon_core.package_identification:_identify(/home/steveen/Robocon2025_R1/2025R1_ws/src/navigation) by extensions ['colcon_meta']
[1.426s] Level 1:colcon.colcon_core.package_identification:_identify(/home/steveen/Robocon2025_R1/2025R1_ws/src/navigation) by extension 'colcon_meta'
[1.426s] Level 1:colcon.colcon_core.package_identification:_identify(/home/steveen/Robocon2025_R1/2025R1_ws/src/navigation) by extensions ['ros']
[1.426s] Level 1:colcon.colcon_core.package_identification:_identify(/home/steveen/Robocon2025_R1/2025R1_ws/src/navigation) by extension 'ros'
[1.429s] DEBUG:colcon.colcon_core.package_identification:Package '/home/steveen/Robocon2025_R1/2025R1_ws/src/navigation' with type 'ros.ament_python' and name 'navigation'
[1.430s] Level 1:colcon.colcon_core.package_identification:_identify(/home/steveen/Robocon2025_R1/2025R1_ws/src/ps4) by extensions ['ignore', 'ignore_ament_install']
[1.430s] Level 1:colcon.colcon_core.package_identification:_identify(/home/steveen/Robocon2025_R1/2025R1_ws/src/ps4) by extension 'ignore'
[1.430s] Level 1:colcon.colcon_core.package_identification:_identify(/home/steveen/Robocon2025_R1/2025R1_ws/src/ps4) by extension 'ignore_ament_install'
[1.431s] Level 1:colcon.colcon_core.package_identification:_identify(/home/steveen/Robocon2025_R1/2025R1_ws/src/ps4) by extensions ['colcon_pkg']
[1.431s] Level 1:colcon.colcon_core.package_identification:_identify(/home/steveen/Robocon2025_R1/2025R1_ws/src/ps4) by extension 'colcon_pkg'
[1.431s] Level 1:colcon.colcon_core.package_identification:_identify(/home/steveen/Robocon2025_R1/2025R1_ws/src/ps4) by extensions ['colcon_meta']
[1.431s] Level 1:colcon.colcon_core.package_identification:_identify(/home/steveen/Robocon2025_R1/2025R1_ws/src/ps4) by extension 'colcon_meta'
[1.431s] Level 1:colcon.colcon_core.package_identification:_identify(/home/steveen/Robocon2025_R1/2025R1_ws/src/ps4) by extensions ['ros']
[1.431s] Level 1:colcon.colcon_core.package_identification:_identify(/home/steveen/Robocon2025_R1/2025R1_ws/src/ps4) by extension 'ros'
[1.433s] DEBUG:colcon.colcon_core.package_identification:Package '/home/steveen/Robocon2025_R1/2025R1_ws/src/ps4' with type 'ros.ament_python' and name 'ps4'
[1.434s] Level 1:colcon.colcon_core.package_discovery:discover_packages(recursive) using defaults
